[2025-08-04 14:31:42] [DEBUG] [PID:2837] [MEM:2MB] Incluindo arquivos de configuração e API...
[2025-08-04 14:31:42] [DEBUG] [PID:2837] [MEM:2MB] Arquivo incluído: Conexão com banco de dados
[2025-08-04 14:31:42] [DEBUG] [PID:2837] [MEM:2MB] Arquivo incluído: Configurações WhatsApp
[2025-08-04 14:31:42] [DEBUG] [PID:2837] [MEM:2MB] Arquivo incluído: API WhatsApp
[2025-08-04 14:31:42] [DEBUG] [PID:2837] [MEM:2MB] Informações da conexão com banco
Contexto: {
    "driver": "mysql",
    "server_version": "10.4.32-MariaDB"
}
[2025-08-04 14:31:42] [DEBUG] [PID:2837] [MEM:2MB] Tabela verificada/criada: SCRIPT_LOCKS
[2025-08-04 14:31:42] [DEBUG] [PID:2837] [MEM:2MB] Tabela verificada/criada: ENVIOS_EM_ANDAMENTO
[2025-08-04 14:31:42] [DEBUG] [PID:2837] [MEM:2MB] Tabela verificada/criada: LOG_FATURAS_FILTRADAS
[2025-08-04 14:37:16] [DEBUG] [PID:2654] [MEM:2MB] Incluindo arquivos de configuração e API...
[2025-08-04 14:37:16] [DEBUG] [PID:2654] [MEM:2MB] Arquivo incluído: Conexão com banco de dados
[2025-08-04 14:37:16] [DEBUG] [PID:2654] [MEM:2MB] Arquivo incluído: Configurações WhatsApp
[2025-08-04 14:37:16] [DEBUG] [PID:2654] [MEM:2MB] Arquivo incluído: API WhatsApp
[2025-08-04 14:37:16] [DEBUG] [PID:2654] [MEM:2MB] Informações da conexão com banco
Contexto: {
    "driver": "mysql",
    "server_version": "10.4.32-MariaDB"
}
[2025-08-04 14:37:16] [DEBUG] [PID:2654] [MEM:2MB] Tabela verificada/criada: SCRIPT_LOCKS
[2025-08-04 14:37:16] [DEBUG] [PID:2654] [MEM:2MB] Tabela verificada/criada: ENVIOS_EM_ANDAMENTO
[2025-08-04 14:37:16] [DEBUG] [PID:2654] [MEM:2MB] Tabela verificada/criada: LOG_FATURAS_FILTRADAS
[2025-08-04 15:56:34] [DEBUG] [PID:3584] [MEM:2MB] Incluindo arquivos de configuração e API...
[2025-08-04 15:56:34] [DEBUG] [PID:3584] [MEM:2MB] Arquivo incluído: Conexão com banco de dados
[2025-08-04 15:56:34] [DEBUG] [PID:3584] [MEM:2MB] Arquivo incluído: Configurações WhatsApp
[2025-08-04 15:56:34] [DEBUG] [PID:3584] [MEM:2MB] Arquivo incluído: API WhatsApp
[2025-08-04 15:56:34] [DEBUG] [PID:3584] [MEM:2MB] Informações da conexão com banco
Contexto: {
    "driver": "mysql",
    "server_version": "10.4.32-MariaDB"
}
[2025-08-04 15:56:34] [DEBUG] [PID:3584] [MEM:2MB] Tabela verificada/criada: SCRIPT_LOCKS
[2025-08-04 15:56:34] [DEBUG] [PID:3584] [MEM:2MB] Tabela verificada/criada: ENVIOS_EM_ANDAMENTO
[2025-08-04 15:56:34] [DEBUG] [PID:3584] [MEM:2MB] Tabela verificada/criada: LOG_FATURAS_FILTRADAS
[2025-08-04 15:56:34] [DEBUG] [PID:3584] [MEM:2MB] Tabela verificada/criada: SESSOES_WPP
[2025-08-04 15:56:34] [DEBUG] [PID:3584] [MEM:2MB] Tabela verificada/criada: LOG_EXECUCOES
[2025-08-04 16:07:09] [DEBUG] [PID:3634] [MEM:2MB] Incluindo arquivos de configuração e API...
[2025-08-04 16:07:09] [DEBUG] [PID:3634] [MEM:2MB] Arquivo incluído: Conexão com banco de dados
[2025-08-04 16:07:09] [DEBUG] [PID:3634] [MEM:2MB] Arquivo incluído: Configurações WhatsApp
[2025-08-04 16:07:09] [DEBUG] [PID:3634] [MEM:2MB] Arquivo incluído: API WhatsApp
[2025-08-04 16:07:09] [DEBUG] [PID:3634] [MEM:2MB] Informações da conexão com banco
Contexto: {
    "driver": "mysql",
    "server_version": "10.4.32-MariaDB"
}
[2025-08-04 16:07:09] [DEBUG] [PID:3634] [MEM:2MB] Tabela verificada/criada: SCRIPT_LOCKS
[2025-08-04 16:07:09] [DEBUG] [PID:3634] [MEM:2MB] Tabela verificada/criada: ENVIOS_EM_ANDAMENTO
[2025-08-04 16:07:09] [DEBUG] [PID:3634] [MEM:2MB] Tabela verificada/criada: LOG_FATURAS_FILTRADAS
[2025-08-04 16:07:09] [DEBUG] [PID:3634] [MEM:2MB] Tabela verificada/criada: SESSOES_WPP
[2025-08-04 16:07:09] [DEBUG] [PID:3634] [MEM:2MB] Tabela verificada/criada: LOG_EXECUCOES
[2025-08-04 16:08:13] [DEBUG] [PID:3646] [MEM:2MB] Incluindo arquivos de configuração e API...
[2025-08-04 16:08:13] [DEBUG] [PID:3646] [MEM:2MB] Arquivo incluído: Conexão com banco de dados
[2025-08-04 16:08:13] [DEBUG] [PID:3646] [MEM:2MB] Arquivo incluído: Configurações WhatsApp
[2025-08-04 16:08:13] [DEBUG] [PID:3646] [MEM:2MB] Arquivo incluído: API WhatsApp
[2025-08-04 16:08:13] [DEBUG] [PID:3646] [MEM:2MB] Informações da conexão com banco
Contexto: {
    "driver": "mysql",
    "server_version": "10.4.32-MariaDB"
}
[2025-08-04 16:08:13] [DEBUG] [PID:3646] [MEM:2MB] Tabela verificada/criada: SCRIPT_LOCKS
[2025-08-04 16:08:13] [DEBUG] [PID:3646] [MEM:2MB] Tabela verificada/criada: ENVIOS_EM_ANDAMENTO
[2025-08-04 16:08:13] [DEBUG] [PID:3646] [MEM:2MB] Tabela verificada/criada: LOG_FATURAS_FILTRADAS
[2025-08-04 16:08:13] [DEBUG] [PID:3646] [MEM:2MB] Tabela verificada/criada: SESSOES_WPP
[2025-08-04 16:08:13] [DEBUG] [PID:3646] [MEM:2MB] Tabela verificada/criada: LOG_EXECUCOES
[2025-08-04 16:08:45] [DEBUG] [PID:3649] [MEM:2MB] Incluindo arquivos de configuração e API...
[2025-08-04 16:08:45] [DEBUG] [PID:3649] [MEM:2MB] Arquivo incluído: Conexão com banco de dados
[2025-08-04 16:08:45] [DEBUG] [PID:3649] [MEM:2MB] Arquivo incluído: Configurações WhatsApp
[2025-08-04 16:08:45] [DEBUG] [PID:3649] [MEM:2MB] Arquivo incluído: API WhatsApp
[2025-08-04 16:08:45] [DEBUG] [PID:3649] [MEM:2MB] Informações da conexão com banco
Contexto: {
    "driver": "mysql",
    "server_version": "10.4.32-MariaDB"
}
[2025-08-04 16:08:45] [DEBUG] [PID:3649] [MEM:2MB] Tabela verificada/criada: SCRIPT_LOCKS
[2025-08-04 16:08:45] [DEBUG] [PID:3649] [MEM:2MB] Tabela verificada/criada: ENVIOS_EM_ANDAMENTO
[2025-08-04 16:08:45] [DEBUG] [PID:3649] [MEM:2MB] Tabela verificada/criada: LOG_FATURAS_FILTRADAS
[2025-08-04 16:08:45] [DEBUG] [PID:3649] [MEM:2MB] Tabela verificada/criada: SESSOES_WPP
[2025-08-04 16:08:45] [DEBUG] [PID:3649] [MEM:2MB] Tabela verificada/criada: LOG_EXECUCOES
[2025-08-04 16:08:45] [DEBUG] [PID:3649] [MEM:2MB] Locks de script expirados limpos.
[2025-08-04 16:08:45] [DEBUG] [PID:3649] [MEM:2MB] Registros antigos de ENVIOS_EM_ANDAMENTO (>10min) foram limpos.
[2025-08-04 16:09:56] [DEBUG] [PID:3656] [MEM:2MB] Incluindo arquivos de configuração e API...
[2025-08-04 16:09:56] [DEBUG] [PID:3656] [MEM:2MB] Arquivo incluído: Conexão com banco de dados
[2025-08-04 16:09:56] [DEBUG] [PID:3656] [MEM:2MB] Arquivo incluído: Configurações WhatsApp
[2025-08-04 16:09:56] [DEBUG] [PID:3656] [MEM:2MB] Arquivo incluído: API WhatsApp
[2025-08-04 16:09:56] [DEBUG] [PID:3656] [MEM:2MB] Informações da conexão com banco
Contexto: {
    "driver": "mysql",
    "server_version": "10.4.32-MariaDB"
}
[2025-08-04 16:09:56] [DEBUG] [PID:3656] [MEM:2MB] Tabela verificada/criada: SCRIPT_LOCKS
[2025-08-04 16:09:56] [DEBUG] [PID:3656] [MEM:2MB] Tabela verificada/criada: ENVIOS_EM_ANDAMENTO
[2025-08-04 16:09:56] [DEBUG] [PID:3656] [MEM:2MB] Tabela verificada/criada: LOG_FATURAS_FILTRADAS
[2025-08-04 16:09:56] [DEBUG] [PID:3656] [MEM:2MB] Tabela verificada/criada: SESSOES_WPP
[2025-08-04 16:09:56] [DEBUG] [PID:3656] [MEM:2MB] Tabela verificada/criada: LOG_EXECUCOES
[2025-08-04 16:09:56] [DEBUG] [PID:3656] [MEM:2MB] Locks de script expirados limpos.
[2025-08-04 16:09:56] [DEBUG] [PID:3656] [MEM:2MB] Registros antigos de ENVIOS_EM_ANDAMENTO (>10min) foram limpos.
[2025-08-04 16:10:24] [DEBUG] [PID:3662] [MEM:2MB] Incluindo arquivos de configuração e API...
[2025-08-04 16:10:24] [DEBUG] [PID:3662] [MEM:2MB] Arquivo incluído: Conexão com banco de dados
[2025-08-04 16:10:24] [DEBUG] [PID:3662] [MEM:2MB] Arquivo incluído: Configurações WhatsApp
[2025-08-04 16:10:24] [DEBUG] [PID:3662] [MEM:2MB] Arquivo incluído: API WhatsApp
[2025-08-04 16:10:24] [DEBUG] [PID:3662] [MEM:2MB] Informações da conexão com banco
Contexto: {
    "driver": "mysql",
    "server_version": "10.4.32-MariaDB"
}
[2025-08-04 16:10:24] [DEBUG] [PID:3662] [MEM:2MB] Tabela verificada/criada: SCRIPT_LOCKS
[2025-08-04 16:10:24] [DEBUG] [PID:3662] [MEM:2MB] Tabela verificada/criada: ENVIOS_EM_ANDAMENTO
[2025-08-04 16:10:24] [DEBUG] [PID:3662] [MEM:2MB] Tabela verificada/criada: LOG_FATURAS_FILTRADAS
[2025-08-04 16:10:24] [DEBUG] [PID:3662] [MEM:2MB] Tabela verificada/criada: SESSOES_WPP
[2025-08-04 16:10:24] [DEBUG] [PID:3662] [MEM:2MB] Tabela verificada/criada: LOG_EXECUCOES
[2025-08-04 16:10:24] [DEBUG] [PID:3662] [MEM:2MB] Locks de script expirados limpos.
[2025-08-04 16:10:24] [DEBUG] [PID:3662] [MEM:2MB] Registros antigos de ENVIOS_EM_ANDAMENTO (>10min) foram limpos.
[2025-08-04 16:10:24] [DEBUG] [PID:3662] [MEM:2MB] Verificação de bloqueio de script
Contexto: {
    "acquired_at": "2025-08-04 16:10:24",
    "expires_at": "2025-08-04 16:20:24",
    "exec_id_atual": "exec_689105a0e36203.55841107",
    "exec_id_lock": "exec_689105a0e36203.55841107",
    "pid_atual": 3662,
    "pid_lock": "3662",
    "has_lock": "Sim"
}
[2025-08-04 16:10:35] [DEBUG] [PID:3665] [MEM:2MB] Incluindo arquivos de configuração e API...
[2025-08-04 16:10:35] [DEBUG] [PID:3665] [MEM:2MB] Arquivo incluído: Conexão com banco de dados
[2025-08-04 16:10:35] [DEBUG] [PID:3665] [MEM:2MB] Arquivo incluído: Configurações WhatsApp
[2025-08-04 16:10:35] [DEBUG] [PID:3665] [MEM:2MB] Arquivo incluído: API WhatsApp
[2025-08-04 16:10:35] [DEBUG] [PID:3665] [MEM:2MB] Informações da conexão com banco
Contexto: {
    "driver": "mysql",
    "server_version": "10.4.32-MariaDB"
}
[2025-08-04 16:10:35] [DEBUG] [PID:3665] [MEM:2MB] Tabela verificada/criada: SCRIPT_LOCKS
[2025-08-04 16:10:35] [DEBUG] [PID:3665] [MEM:2MB] Tabela verificada/criada: ENVIOS_EM_ANDAMENTO
[2025-08-04 16:10:35] [DEBUG] [PID:3665] [MEM:2MB] Tabela verificada/criada: LOG_FATURAS_FILTRADAS
[2025-08-04 16:10:35] [DEBUG] [PID:3665] [MEM:2MB] Tabela verificada/criada: SESSOES_WPP
[2025-08-04 16:10:35] [DEBUG] [PID:3665] [MEM:2MB] Tabela verificada/criada: LOG_EXECUCOES
[2025-08-04 16:10:35] [DEBUG] [PID:3665] [MEM:2MB] Locks de script expirados limpos.
[2025-08-04 16:10:35] [DEBUG] [PID:3665] [MEM:2MB] Registros antigos de ENVIOS_EM_ANDAMENTO (>10min) foram limpos.
[2025-08-04 16:10:35] [DEBUG] [PID:3665] [MEM:2MB] Verificação de bloqueio de script
Contexto: {
    "acquired_at": "2025-08-04 16:10:24",
    "expires_at": "2025-08-04 16:20:24",
    "exec_id_atual": "exec_689105ab7d0925.26449273",
    "exec_id_lock": "exec_689105a0e36203.55841107",
    "pid_atual": 3665,
    "pid_lock": "3662",
    "has_lock": "Não"
}
[2025-08-04 16:11:34] [DEBUG] [PID:3680] [MEM:2MB] Incluindo arquivos de configuração e API...
[2025-08-04 16:11:34] [DEBUG] [PID:3680] [MEM:2MB] Arquivo incluído: Conexão com banco de dados
[2025-08-04 16:11:34] [DEBUG] [PID:3680] [MEM:2MB] Arquivo incluído: Configurações WhatsApp
[2025-08-04 16:11:34] [DEBUG] [PID:3680] [MEM:2MB] Arquivo incluído: API WhatsApp
[2025-08-04 16:11:34] [DEBUG] [PID:3680] [MEM:2MB] Informações da conexão com banco
Contexto: {
    "driver": "mysql",
    "server_version": "10.4.32-MariaDB"
}
[2025-08-04 16:11:34] [DEBUG] [PID:3680] [MEM:2MB] Tabela verificada/criada: SCRIPT_LOCKS
[2025-08-04 16:11:34] [DEBUG] [PID:3680] [MEM:2MB] Tabela verificada/criada: ENVIOS_EM_ANDAMENTO
[2025-08-04 16:11:34] [DEBUG] [PID:3680] [MEM:2MB] Tabela verificada/criada: LOG_FATURAS_FILTRADAS
[2025-08-04 16:11:34] [DEBUG] [PID:3680] [MEM:2MB] Tabela verificada/criada: SESSOES_WPP
[2025-08-04 16:11:34] [DEBUG] [PID:3680] [MEM:2MB] Tabela verificada/criada: LOG_EXECUCOES
[2025-08-04 16:11:34] [DEBUG] [PID:3680] [MEM:2MB] Locks de script expirados limpos.
[2025-08-04 16:11:34] [DEBUG] [PID:3680] [MEM:2MB] Registros antigos de ENVIOS_EM_ANDAMENTO (>10min) foram limpos.
[2025-08-04 16:11:34] [DEBUG] [PID:3680] [MEM:2MB] Verificação de bloqueio de script
Contexto: {
    "acquired_at": "2025-08-04 16:10:24",
    "expires_at": "2025-08-04 16:20:24",
    "exec_id_atual": "exec_689105e67de7a2.96309179",
    "exec_id_lock": "exec_689105a0e36203.55841107",
    "pid_atual": 3680,
    "pid_lock": "3662",
    "has_lock": "Não"
}
[2025-08-04 16:11:48] [DEBUG] [PID:3685] [MEM:2MB] Incluindo arquivos de configuração e API...
[2025-08-04 16:11:48] [DEBUG] [PID:3685] [MEM:2MB] Arquivo incluído: Conexão com banco de dados
[2025-08-04 16:11:48] [DEBUG] [PID:3685] [MEM:2MB] Arquivo incluído: Configurações WhatsApp
[2025-08-04 16:11:48] [DEBUG] [PID:3685] [MEM:2MB] Arquivo incluído: API WhatsApp
[2025-08-04 16:11:48] [DEBUG] [PID:3685] [MEM:2MB] Informações da conexão com banco
Contexto: {
    "driver": "mysql",
    "server_version": "10.4.32-MariaDB"
}
[2025-08-04 16:11:48] [DEBUG] [PID:3685] [MEM:2MB] Tabela verificada/criada: SCRIPT_LOCKS
[2025-08-04 16:11:48] [DEBUG] [PID:3685] [MEM:2MB] Tabela verificada/criada: ENVIOS_EM_ANDAMENTO
[2025-08-04 16:11:48] [DEBUG] [PID:3685] [MEM:2MB] Tabela verificada/criada: LOG_FATURAS_FILTRADAS
[2025-08-04 16:11:48] [DEBUG] [PID:3685] [MEM:2MB] Tabela verificada/criada: SESSOES_WPP
[2025-08-04 16:11:48] [DEBUG] [PID:3685] [MEM:2MB] Tabela verificada/criada: LOG_EXECUCOES
[2025-08-04 16:11:48] [DEBUG] [PID:3685] [MEM:2MB] Locks de script expirados limpos.
[2025-08-04 16:11:48] [DEBUG] [PID:3685] [MEM:2MB] Registros antigos de ENVIOS_EM_ANDAMENTO (>10min) foram limpos.
[2025-08-04 16:11:48] [DEBUG] [PID:3685] [MEM:2MB] Verificação de bloqueio de script
Contexto: {
    "acquired_at": "2025-08-04 16:10:24",
    "expires_at": "2025-08-04 16:20:24",
    "exec_id_atual": "exec_689105f4d92d72.04111181",
    "exec_id_lock": "exec_689105a0e36203.55841107",
    "pid_atual": 3685,
    "pid_lock": "3662",
    "has_lock": "Não"
}
[2025-08-04 16:12:09] [DEBUG] [PID:3692] [MEM:2MB] Incluindo arquivos de configuração e API...
[2025-08-04 16:12:09] [DEBUG] [PID:3692] [MEM:2MB] Arquivo incluído: Conexão com banco de dados
[2025-08-04 16:12:09] [DEBUG] [PID:3692] [MEM:2MB] Arquivo incluído: Configurações WhatsApp
[2025-08-04 16:12:09] [DEBUG] [PID:3692] [MEM:2MB] Arquivo incluído: API WhatsApp
[2025-08-04 16:12:09] [DEBUG] [PID:3692] [MEM:2MB] Informações da conexão com banco
Contexto: {
    "driver": "mysql",
    "server_version": "10.4.32-MariaDB"
}
[2025-08-04 16:12:09] [DEBUG] [PID:3692] [MEM:2MB] Tabela verificada/criada: SCRIPT_LOCKS
[2025-08-04 16:12:09] [DEBUG] [PID:3692] [MEM:2MB] Tabela verificada/criada: ENVIOS_EM_ANDAMENTO
[2025-08-04 16:12:09] [DEBUG] [PID:3692] [MEM:2MB] Tabela verificada/criada: LOG_FATURAS_FILTRADAS
[2025-08-04 16:12:09] [DEBUG] [PID:3692] [MEM:2MB] Tabela verificada/criada: SESSOES_WPP
[2025-08-04 16:12:09] [DEBUG] [PID:3692] [MEM:2MB] Tabela verificada/criada: LOG_EXECUCOES
[2025-08-04 16:12:09] [DEBUG] [PID:3692] [MEM:2MB] Locks de script expirados limpos.
[2025-08-04 16:12:09] [DEBUG] [PID:3692] [MEM:2MB] Registros antigos de ENVIOS_EM_ANDAMENTO (>10min) foram limpos.
[2025-08-04 16:12:09] [DEBUG] [PID:3692] [MEM:2MB] Verificação de bloqueio de script
Contexto: {
    "acquired_at": "2025-08-04 16:10:24",
    "expires_at": "2025-08-04 16:20:24",
    "exec_id_atual": "exec_68910609912900.71587625",
    "exec_id_lock": "exec_689105a0e36203.55841107",
    "pid_atual": 3692,
    "pid_lock": "3662",
    "has_lock": "Não"
}
[2025-08-04 16:12:40] [DEBUG] [PID:3699] [MEM:2MB] Incluindo arquivos de configuração e API...
[2025-08-04 16:12:40] [DEBUG] [PID:3699] [MEM:2MB] Arquivo incluído: Conexão com banco de dados
[2025-08-04 16:12:40] [DEBUG] [PID:3699] [MEM:2MB] Arquivo incluído: Configurações WhatsApp
[2025-08-04 16:12:40] [DEBUG] [PID:3699] [MEM:2MB] Arquivo incluído: API WhatsApp
[2025-08-04 16:12:40] [DEBUG] [PID:3699] [MEM:2MB] Informações da conexão com banco
Contexto: {
    "driver": "mysql",
    "server_version": "10.4.32-MariaDB"
}
[2025-08-04 16:12:40] [DEBUG] [PID:3699] [MEM:2MB] Tabela verificada/criada: SCRIPT_LOCKS
[2025-08-04 16:12:40] [DEBUG] [PID:3699] [MEM:2MB] Tabela verificada/criada: ENVIOS_EM_ANDAMENTO
[2025-08-04 16:12:40] [DEBUG] [PID:3699] [MEM:2MB] Tabela verificada/criada: LOG_FATURAS_FILTRADAS
[2025-08-04 16:12:40] [DEBUG] [PID:3699] [MEM:2MB] Tabela verificada/criada: SESSOES_WPP
[2025-08-04 16:12:40] [DEBUG] [PID:3699] [MEM:2MB] Tabela verificada/criada: LOG_EXECUCOES
[2025-08-04 16:12:40] [DEBUG] [PID:3699] [MEM:2MB] Locks de script expirados limpos.
[2025-08-04 16:12:40] [DEBUG] [PID:3699] [MEM:2MB] Registros antigos de ENVIOS_EM_ANDAMENTO (>10min) foram limpos.
[2025-08-04 16:12:40] [DEBUG] [PID:3699] [MEM:2MB] Verificação de bloqueio de script
Contexto: {
    "acquired_at": "2025-08-04 16:12:40",
    "expires_at": "2025-08-04 16:22:40",
    "exec_id_atual": "exec_68910628ef3548.50248970",
    "exec_id_lock": "exec_68910628ef3548.50248970",
    "pid_atual": 3699,
    "pid_lock": "3699",
    "has_lock": "Sim"
}
